Mar 13, 2016 11:04:44 AM org.apache.catalina.core.AprLifecycleListener init
INFO: The APR based Apache Tomcat Native library which allows optimal performance in production environments was not found on the java.library.path: C:\Program Files\Java\jdk1.8.0_25\bin;C:\Windows\Sun\Java\bin;C:\Windows\system32;C:\Windows;C:\oraclexe\app\oracle\product\11.2.0\server\bin;;C:\ProgramData\Oracle\Java\javapath;C:\Python27\;C:\Python27\Scripts;C:\Program Files (x86)\MiKTeX 2.9\miktex\bin;C:\Program Files\Common Files\Microsoft Shared\Windows Live;C:\Program Files (x86)\Common Files\Microsoft Shared\Windows Live;C:\Program Files (x86)\AMD APP\bin\x86_64;C:\Program Files (x86)\AMD APP\bin\x86;C:\Windows\system32;C:\Windows;C:\Windows\System32\Wbem;C:\Windows\System32\WindowsPowerShell\v1.0\;C:\Program Files\Dell\DW WLAN Card\Driver;C:\Program Files (x86)\ATI Technologies\ATI.ACE\Core-Static;C:\Program Files (x86)\Windows Live\Shared;C:\Program Files (x86)\Common Files\Roxio Shared\DLLShared\;C:\Program Files (x86)\Common Files\Roxio Shared\OEM\DLLShared\;C:\Program Files (x86)\Common Files\Roxio Shared\OEM\DLLShared\;C:\Program Files (x86)\Common Files\Roxio Shared\OEM\12.0\DLLShared\;C:\Program Files (x86)\Roxio\OEM\AudioCore\;C:\Program Files (x86)\Bitvise SSH Client;C:\Program Files (x86)\Skype\Phone\;C:\Program Files (x86)\AMD\ATI.ACE\Core-Static;C:\Users\Alex\AppData\Roaming\Python\Scripts;C:\Program Files (x86)\SSH Communications Security\SSH Secure Shell;C:\cygwin\bin;C:\cygwin;C:\Users\Alex\Desktop\workspace;C:\Program Files\Java\jre7\bin;C:\Program Files\Java\jdk1.7.0_17\bin;.
Mar 13, 2016 11:04:44 AM org.apache.coyote.http11.Http11Protocol init
INFO: Initializing Coyote HTTP/1.1 on http-8081
Mar 13, 2016 11:04:44 AM org.apache.catalina.startup.Catalina load
INFO: Initialization processed in 239 ms
Mar 13, 2016 11:04:44 AM org.apache.catalina.core.StandardService start
INFO: Starting service Catalina
Mar 13, 2016 11:04:44 AM org.apache.catalina.core.StandardEngine start
INFO: Starting Servlet Engine: Apache Tomcat/6.0.18
Mar 13, 2016 11:04:44 AM org.apache.coyote.http11.Http11Protocol start
INFO: Starting Coyote HTTP/1.1 on http-8081
Mar 13, 2016 11:04:44 AM org.apache.jk.common.ChannelSocket init
INFO: JK: ajp13 listening on /0.0.0.0:8009
Mar 13, 2016 11:04:44 AM org.apache.jk.server.JkMain start
INFO: Jk running ID=0 time=0/15  config=null
Mar 13, 2016 11:04:44 AM org.apache.catalina.startup.Catalina start
INFO: Server startup in 549 ms
Mar 13, 2016 11:33:05 AM org.apache.catalina.core.StandardContext reload
INFO: Reloading this Context has started
Mar 13, 2016 11:52:23 AM org.apache.coyote.http11.Http11Protocol pause
INFO: Pausing Coyote HTTP/1.1 on http-8081
Mar 13, 2016 11:52:24 AM org.apache.catalina.core.StandardService stop
INFO: Stopping service Catalina
Mar 13, 2016 11:52:24 AM org.apache.coyote.http11.Http11Protocol destroy
INFO: Stopping Coyote HTTP/1.1 on http-8081
